<?xml version="1.0" encoding="UTF-8"?>
<!-- Generated by org.testng.reporters.JUnitXMLReporter -->
<testsuite hostname="LAPTOP-7HB0GS3K" ignored="0" name="back-end" tests="1" failures="1" timestamp="21 Apr 2019 16:02:43 GMT" time="14.185" errors="0">
  <testcase name="sample" time="8.529" classname="testCases.TC001_registerUser">
    <failure type="java.lang.NullPointerException">
      <![CDATA[java.lang.NullPointerException
at utility.keyWords.getTest(keyWords.java:76)
at testCases.TC001_registerUser.sample(TC001_registerUser.java:48)
... Removed 25 stack frames]]>
    </failure>
  </testcase> <!-- sample -->
</testsuite> <!-- back-end -->
