<?xml version="1.0" encoding="UTF-8"?>
<testng-results skipped="0" failed="0" ignored="0" total="1" passed="1">
  <reporter-output>
  </reporter-output>
  <suite name="Default suite" duration-ms="15666" started-at="2019-04-17T23:57:02Z" finished-at="2019-04-17T23:57:17Z">
    <groups>
    </groups>
    <test name="Default test" duration-ms="15666" started-at="2019-04-17T23:57:02Z" finished-at="2019-04-17T23:57:17Z">
      <class name="testCases.TC001_login">
        <test-method status="PASS" signature="setup()[pri:0, instance:testCases.TC001_login@6f7fd0e6]" name="setup" is-config="true" duration-ms="8396" started-at="2019-04-17T23:57:02Z" finished-at="2019-04-17T23:57:10Z">
          <reporter-output>
          </reporter-output>
        </test-method> <!-- setup -->
        <test-method status="PASS" signature="doLogin()[pri:0, instance:testCases.TC001_login@6f7fd0e6]" name="doLogin" duration-ms="7237" started-at="2019-04-17T23:57:10Z" finished-at="2019-04-17T23:57:17Z">
          <reporter-output>
          </reporter-output>
        </test-method> <!-- doLogin -->
        <test-method status="PASS" signature="setdown()[pri:0, instance:testCases.TC001_login@6f7fd0e6]" name="setdown" is-config="true" duration-ms="0" started-at="2019-04-17T23:57:17Z" finished-at="2019-04-17T23:57:17Z">
          <reporter-output>
          </reporter-output>
        </test-method> <!-- setdown -->
      </class> <!-- testCases.TC001_login -->
    </test> <!-- Default test -->
  </suite> <!-- Default suite -->
</testng-results>
